2020-01-15 22:21:06.201  INFO 5504 --- [main] lavalink.server.Launcher                 : 

[32m       .  [31m _                  _ _       _    [32m__ _ _
[32m      /\\ [31m| | __ ___   ____ _| (_)_ __ | | __[32m\ \ \ \
[32m     ( ( )[31m| |/ _` \ \ / / _` | | | '_ \| |/ /[32m \ \ \ \
[32m      \\/ [31m| | (_| |\ V / (_| | | | | | |   < [32m  ) ) ) )
[32m       '  [31m|_|\__,_| \_/ \__,_|_|_|_| |_|_|\_\[32m / / / /
[0m    =========================================[32m/_/_/_/[0m

	Version:        3.2.2
	Build:          961
	Build time:     19.12.2019 13:43:43 UTC
	Branch          master
	Commit:         e30891d
	Commit time:    19.12.2019 13:41:45 UTC
	JVM:            1.8.0_221
	Lavaplayer      1.3.32

2020-01-15 22:21:06.377  INFO 5504 --- [main] lavalink.server.Launcher                 : Starting Launcher on DESKTOP-VB631F6 with PID 5504 (D:\Informatyka\C#\DiscordBot\DiscordBot\Server\Lavalink.jar started by Piotrek in D:\Informatyka\C#\DiscordBot\DiscordBot\Server)
2020-01-15 22:21:06.378  INFO 5504 --- [main] lavalink.server.Launcher                 : No active profile set, falling back to default profiles: default
2020-01-15 22:21:06.566  WARN 5504 --- [background-preinit] o.s.h.c.j.Jackson2ObjectMapperBuilder    : For Jackson Kotlin classes support please add "com.fasterxml.jackson.module:jackson-module-kotlin" to the classpath
2020-01-15 22:21:07.963  WARN 5504 --- [main] io.undertow.websockets.jsr               : UT026010: Buffer pool was not set on WebSocketDeploymentInfo, the default pool will be used
2020-01-15 22:21:08.009  INFO 5504 --- [main] io.undertow.servlet                      : Initializing Spring embedded WebApplicationContext
2020-01-15 22:21:08.010  INFO 5504 --- [main] o.s.web.context.ContextLoader            : Root WebApplicationContext: initialization completed in 1572 ms
2020-01-15 22:21:08.496  WARN 5504 --- [main] l.server.config.SentryConfiguration      : Turning off sentry
2020-01-15 22:21:08.503  INFO 5504 --- [main] l.s.c.AudioSendFactoryConfiguration      : OS: Windows 10, Arch: x86
2020-01-15 22:21:08.503  INFO 5504 --- [main] l.s.c.AudioSendFactoryConfiguration      : JDA-NAS supported system detected. Enabled native audio sending.
2020-01-15 22:21:08.503  INFO 5504 --- [main] l.s.c.AudioSendFactoryConfiguration      : Setting buffer to 400ms
2020-01-15 22:21:08.504  INFO 5504 --- [main] l.s.c.AudioSendFactoryConfiguration      : Setting playlist load limit to 6
2020-01-15 22:21:09.041  INFO 5504 --- [main] c.s.d.l.tools.GarbageCollectionMonitor   : GC monitoring enabled, reporting results every 2 minutes.
2020-01-15 22:21:09.488  INFO 5504 --- [main] o.s.s.concurrent.ThreadPoolTaskExecutor  : Initializing ExecutorService 'applicationTaskExecutor'
2020-01-15 22:21:09.835  INFO 5504 --- [main] org.xnio                                 : XNIO version 3.3.8.Final
2020-01-15 22:21:09.852  INFO 5504 --- [main] org.xnio.nio                             : XNIO NIO Implementation Version 3.3.8.Final
2020-01-15 22:21:09.939  INFO 5504 --- [main] o.s.b.w.e.u.UndertowServletWebServer     : Undertow started on port(s) 2333 (http) with context path ''
2020-01-15 22:21:09.947  INFO 5504 --- [main] lavalink.server.Launcher                 : Started Launcher in 4.377 seconds (JVM running for 5.202)
2020-01-15 22:21:29.876  INFO 15900 --- [main] lavalink.server.Launcher                 : 

[32m       .  [31m _                  _ _       _    [32m__ _ _
[32m      /\\ [31m| | __ ___   ____ _| (_)_ __ | | __[32m\ \ \ \
[32m     ( ( )[31m| |/ _` \ \ / / _` | | | '_ \| |/ /[32m \ \ \ \
[32m      \\/ [31m| | (_| |\ V / (_| | | | | | |   < [32m  ) ) ) )
[32m       '  [31m|_|\__,_| \_/ \__,_|_|_|_| |_|_|\_\[32m / / / /
[0m    =========================================[32m/_/_/_/[0m

	Version:        3.2.2
	Build:          961
	Build time:     19.12.2019 13:43:43 UTC
	Branch          master
	Commit:         e30891d
	Commit time:    19.12.2019 13:41:45 UTC
	JVM:            1.8.0_221
	Lavaplayer      1.3.32

2020-01-15 22:21:30.005  INFO 15900 --- [main] lavalink.server.Launcher                 : Starting Launcher on DESKTOP-VB631F6 with PID 15900 (D:\Informatyka\C#\DiscordBot\DiscordBot\Server\Lavalink.jar started by Piotrek in D:\Informatyka\C#\DiscordBot\DiscordBot\Server)
2020-01-15 22:21:30.005  INFO 15900 --- [main] lavalink.server.Launcher                 : No active profile set, falling back to default profiles: default
2020-01-15 22:21:30.223  WARN 15900 --- [background-preinit] o.s.h.c.j.Jackson2ObjectMapperBuilder    : For Jackson Kotlin classes support please add "com.fasterxml.jackson.module:jackson-module-kotlin" to the classpath
2020-01-15 22:21:31.394  WARN 15900 --- [main] io.undertow.websockets.jsr               : UT026010: Buffer pool was not set on WebSocketDeploymentInfo, the default pool will be used
2020-01-15 22:21:31.437  INFO 15900 --- [main] io.undertow.servlet                      : Initializing Spring embedded WebApplicationContext
2020-01-15 22:21:31.437  INFO 15900 --- [main] o.s.web.context.ContextLoader            : Root WebApplicationContext: initialization completed in 1377 ms
2020-01-15 22:21:31.909  WARN 15900 --- [main] l.server.config.SentryConfiguration      : Turning off sentry
2020-01-15 22:21:31.915  INFO 15900 --- [main] l.s.c.AudioSendFactoryConfiguration      : OS: Windows 10, Arch: x86
2020-01-15 22:21:31.916  INFO 15900 --- [main] l.s.c.AudioSendFactoryConfiguration      : JDA-NAS supported system detected. Enabled native audio sending.
2020-01-15 22:21:31.916  INFO 15900 --- [main] l.s.c.AudioSendFactoryConfiguration      : Setting buffer to 400ms
2020-01-15 22:21:31.916  INFO 15900 --- [main] l.s.c.AudioSendFactoryConfiguration      : Setting playlist load limit to 6
2020-01-15 22:21:32.403  INFO 15900 --- [main] c.s.d.l.tools.GarbageCollectionMonitor   : GC monitoring enabled, reporting results every 2 minutes.
2020-01-15 22:21:32.823  INFO 15900 --- [main] o.s.s.concurrent.ThreadPoolTaskExecutor  : Initializing ExecutorService 'applicationTaskExecutor'
2020-01-15 22:21:33.295  INFO 15900 --- [main] org.xnio                                 : XNIO version 3.3.8.Final
2020-01-15 22:21:33.315  INFO 15900 --- [main] org.xnio.nio                             : XNIO NIO Implementation Version 3.3.8.Final
2020-01-15 22:21:33.411  INFO 15900 --- [main] ConditionEvaluationReportLoggingListener : 

Error starting ApplicationContext. To display the conditions report re-run your application with 'debug' enabled.
2020-01-15 22:21:33.415 ERROR 15900 --- [main] lavalink.server.Launcher                 : Application failed

org.springframework.boot.web.server.PortInUseException: Port 2333 is already in use
	at org.springframework.boot.web.embedded.undertow.UndertowServletWebServer.start(UndertowServletWebServer.java:154) ~[spring-boot-2.1.8.RELEASE.jar!/:2.1.8.RELEASE]
	at org.springframework.boot.web.servlet.context.ServletWebServerApplicationContext.startWebServer(ServletWebServerApplicationContext.java:297) ~[spring-boot-2.1.8.RELEASE.jar!/:2.1.8.RELEASE]
	at org.springframework.boot.web.servlet.context.ServletWebServerApplicationContext.finishRefresh(ServletWebServerApplicationContext.java:163) ~[spring-boot-2.1.8.RELEASE.jar!/:2.1.8.RELEASE]
	at org.springframework.context.support.AbstractApplicationContext.refresh(AbstractApplicationContext.java:552) ~[spring-context-5.1.9.RELEASE.jar!/:5.1.9.RELEASE]
	at org.springframework.boot.web.servlet.context.ServletWebServerApplicationContext.refresh(ServletWebServerApplicationContext.java:141) ~[spring-boot-2.1.8.RELEASE.jar!/:2.1.8.RELEASE]
	at org.springframework.boot.SpringApplication.refresh(SpringApplication.java:744) ~[spring-boot-2.1.8.RELEASE.jar!/:2.1.8.RELEASE]
	at org.springframework.boot.SpringApplication.refreshContext(SpringApplication.java:391) ~[spring-boot-2.1.8.RELEASE.jar!/:2.1.8.RELEASE]
	at org.springframework.boot.SpringApplication.run(SpringApplication.java:312) ~[spring-boot-2.1.8.RELEASE.jar!/:2.1.8.RELEASE]
	at lavalink.server.Launcher.main(Launcher.kt:127) [classes!/:na]
	at sun.reflect.NativeMethodAccessorImpl.invoke0(Native Method) ~[na:1.8.0_221]
	at sun.reflect.NativeMethodAccessorImpl.invoke(Unknown Source) ~[na:1.8.0_221]
	at sun.reflect.DelegatingMethodAccessorImpl.invoke(Unknown Source) ~[na:1.8.0_221]
	at java.lang.reflect.Method.invoke(Unknown Source) ~[na:1.8.0_221]
	at org.springframework.boot.loader.MainMethodRunner.run(MainMethodRunner.java:48) [Lavalink.jar:na]
	at org.springframework.boot.loader.Launcher.launch(Launcher.java:87) [Lavalink.jar:na]
	at org.springframework.boot.loader.Launcher.launch(Launcher.java:51) [Lavalink.jar:na]
	at org.springframework.boot.loader.JarLauncher.main(JarLauncher.java:52) [Lavalink.jar:na]

2020-01-15 22:21:33.421 ERROR 15900 --- [main] o.s.b.d.LoggingFailureAnalysisReporter   : 

***************************
APPLICATION FAILED TO START
***************************

Description:

Web server failed to start. Port 2333 was already in use.

Action:

Identify and stop the process that's listening on port 2333 or configure this application to listen on another port.

2020-01-15 22:21:33.424  INFO 15900 --- [main] o.s.s.concurrent.ThreadPoolTaskExecutor  : Shutting down ExecutorService 'applicationTaskExecutor'
2020-01-15 22:21:33.425  INFO 15900 --- [main] c.s.d.l.tools.GarbageCollectionMonitor   : GC monitoring disabled.
2020-01-15 22:21:39.533  INFO 7164 --- [main] lavalink.server.Launcher                 : 

[32m       .  [31m _                  _ _       _    [32m__ _ _
[32m      /\\ [31m| | __ ___   ____ _| (_)_ __ | | __[32m\ \ \ \
[32m     ( ( )[31m| |/ _` \ \ / / _` | | | '_ \| |/ /[32m \ \ \ \
[32m      \\/ [31m| | (_| |\ V / (_| | | | | | |   < [32m  ) ) ) )
[32m       '  [31m|_|\__,_| \_/ \__,_|_|_|_| |_|_|\_\[32m / / / /
[0m    =========================================[32m/_/_/_/[0m

	Version:        3.2.2
	Build:          961
	Build time:     19.12.2019 13:43:43 UTC
	Branch          master
	Commit:         e30891d
	Commit time:    19.12.2019 13:41:45 UTC
	JVM:            11
	Lavaplayer      1.3.32

2020-01-15 22:21:39.637  INFO 7164 --- [main] lavalink.server.Launcher                 : Starting Launcher on DESKTOP-VB631F6 with PID 7164 (D:\Informatyka\C#\DiscordBot\DiscordBot\Server\Lavalink.jar started by Piotrek in D:\Informatyka\C#\DiscordBot\DiscordBot\Server)
2020-01-15 22:21:39.638  INFO 7164 --- [main] lavalink.server.Launcher                 : No active profile set, falling back to default profiles: default
2020-01-15 22:21:39.751  WARN 7164 --- [background-preinit] o.s.h.c.j.Jackson2ObjectMapperBuilder    : For Jackson Kotlin classes support please add "com.fasterxml.jackson.module:jackson-module-kotlin" to the classpath
2020-01-15 22:21:41.345  WARN 7164 --- [main] io.undertow.websockets.jsr               : UT026010: Buffer pool was not set on WebSocketDeploymentInfo, the default pool will be used
2020-01-15 22:21:41.369  INFO 7164 --- [main] io.undertow.servlet                      : Initializing Spring embedded WebApplicationContext
2020-01-15 22:21:41.369  INFO 7164 --- [main] o.s.web.context.ContextLoader            : Root WebApplicationContext: initialization completed in 1677 ms
2020-01-15 22:21:41.712  WARN 7164 --- [main] l.server.config.SentryConfiguration      : Turning off sentry
2020-01-15 22:21:41.717  INFO 7164 --- [main] l.s.c.AudioSendFactoryConfiguration      : OS: Windows 10, Arch: amd64
2020-01-15 22:21:41.717  INFO 7164 --- [main] l.s.c.AudioSendFactoryConfiguration      : JDA-NAS supported system detected. Enabled native audio sending.
2020-01-15 22:21:41.718  INFO 7164 --- [main] l.s.c.AudioSendFactoryConfiguration      : Setting buffer to 400ms
2020-01-15 22:21:41.719  INFO 7164 --- [main] l.s.c.AudioSendFactoryConfiguration      : Setting playlist load limit to 6
2020-01-15 22:21:42.085  INFO 7164 --- [main] c.s.d.l.tools.GarbageCollectionMonitor   : GC monitoring enabled, reporting results every 2 minutes.
2020-01-15 22:21:42.509  INFO 7164 --- [main] o.s.s.concurrent.ThreadPoolTaskExecutor  : Initializing ExecutorService 'applicationTaskExecutor'
2020-01-15 22:21:42.875  INFO 7164 --- [main] org.xnio                                 : XNIO version 3.3.8.Final
2020-01-15 22:21:42.886  INFO 7164 --- [main] org.xnio.nio                             : XNIO NIO Implementation Version 3.3.8.Final
2020-01-15 22:21:42.967  INFO 7164 --- [main] ConditionEvaluationReportLoggingListener : 

Error starting ApplicationContext. To display the conditions report re-run your application with 'debug' enabled.
2020-01-15 22:21:42.973 ERROR 7164 --- [main] lavalink.server.Launcher                 : Application failed

org.springframework.boot.web.server.PortInUseException: Port 2333 is already in use
	at org.springframework.boot.web.embedded.undertow.UndertowServletWebServer.start(UndertowServletWebServer.java:154) ~[spring-boot-2.1.8.RELEASE.jar!/:2.1.8.RELEASE]
	at org.springframework.boot.web.servlet.context.ServletWebServerApplicationContext.startWebServer(ServletWebServerApplicationContext.java:297) ~[spring-boot-2.1.8.RELEASE.jar!/:2.1.8.RELEASE]
	at org.springframework.boot.web.servlet.context.ServletWebServerApplicationContext.finishRefresh(ServletWebServerApplicationContext.java:163) ~[spring-boot-2.1.8.RELEASE.jar!/:2.1.8.RELEASE]
	at org.springframework.context.support.AbstractApplicationContext.refresh(AbstractApplicationContext.java:552) ~[spring-context-5.1.9.RELEASE.jar!/:5.1.9.RELEASE]
	at org.springframework.boot.web.servlet.context.ServletWebServerApplicationContext.refresh(ServletWebServerApplicationContext.java:141) ~[spring-boot-2.1.8.RELEASE.jar!/:2.1.8.RELEASE]
	at org.springframework.boot.SpringApplication.refresh(SpringApplication.java:744) ~[spring-boot-2.1.8.RELEASE.jar!/:2.1.8.RELEASE]
	at org.springframework.boot.SpringApplication.refreshContext(SpringApplication.java:391) ~[spring-boot-2.1.8.RELEASE.jar!/:2.1.8.RELEASE]
	at org.springframework.boot.SpringApplication.run(SpringApplication.java:312) ~[spring-boot-2.1.8.RELEASE.jar!/:2.1.8.RELEASE]
	at lavalink.server.Launcher.main(Launcher.kt:127) ~[classes!/:na]
	at java.base/jdk.internal.reflect.NativeMethodAccessorImpl.invoke0(Native Method) ~[na:na]
	at java.base/jdk.internal.reflect.NativeMethodAccessorImpl.invoke(NativeMethodAccessorImpl.java:62) ~[na:na]
	at java.base/jdk.internal.reflect.DelegatingMethodAccessorImpl.invoke(DelegatingMethodAccessorImpl.java:43) ~[na:na]
	at java.base/java.lang.reflect.Method.invoke(Method.java:566) ~[na:na]
	at org.springframework.boot.loader.MainMethodRunner.run(MainMethodRunner.java:48) ~[Lavalink.jar:na]
	at org.springframework.boot.loader.Launcher.launch(Launcher.java:87) ~[Lavalink.jar:na]
	at org.springframework.boot.loader.Launcher.launch(Launcher.java:51) ~[Lavalink.jar:na]
	at org.springframework.boot.loader.JarLauncher.main(JarLauncher.java:52) ~[Lavalink.jar:na]

2020-01-15 22:21:42.978 ERROR 7164 --- [main] o.s.b.d.LoggingFailureAnalysisReporter   : 

***************************
APPLICATION FAILED TO START
***************************

Description:

Web server failed to start. Port 2333 was already in use.

Action:

Identify and stop the process that's listening on port 2333 or configure this application to listen on another port.

2020-01-15 22:21:42.981  INFO 7164 --- [main] o.s.s.concurrent.ThreadPoolTaskExecutor  : Shutting down ExecutorService 'applicationTaskExecutor'
2020-01-15 22:21:42.989  INFO 7164 --- [main] c.s.d.l.tools.GarbageCollectionMonitor   : GC monitoring disabled.
